C51 COMPILER V9.60.0.0   CODE                                                              05/11/2023 11:55:36 PAGE 1   


C51 COMPILER V9.60.0.0, COMPILATION OF MODULE CODE
OBJECT MODULE PLACED IN .\Objects\code.obj
COMPILER INVOKED BY: C:\Keil C\C51\BIN\C51.EXE code.c OPTIMIZE(8,SPEED) BROWSE DEBUG OBJECTEXTEND PRINT(.\Listings\code.
                    -lst) TABS(2) OBJECT(.\Objects\code.obj)

line level    source

   1          #include <REGX51.H>
   2          #include <Thu_Vien_LCD.h>
   3          
   4          sbit ROW1 = P1^0;
   5          sbit ROW2 = P1^1;
   6          sbit ROW3 = P1^2;
   7          sbit ROW4 = P1^3;
   8          sbit COL1 = P1^4;
   9          sbit COL2 = P1^5;
  10          sbit COL3 = P1^6;
  11          sbit COL4 = P1^7;
  12          
  13          unsigned char key=0;
  14          char s[16]={0};
  15          unsigned int idx = 0;
  16          int c=0;
  17          
  18          void delay(int t){
  19   1          unsigned int i;
  20   1          for(i=0;i<t;i++){
  21   2              TMOD=0x01;
  22   2              TH0=0xFC; //delay 1ms
  23   2              TL0=0x18;
  24   2              TR0=1;
  25   2              while(!TF0);
  26   2              TF0=0;
  27   2              TR0=0;
  28   2          }   
  29   1      }
  30          
  31          unsigned char Keypad_Read(){
  32   1          unsigned char key = 0xFF;
  33   1          ROW1=0;
  34   1          if(!COL1) key='C'; // Clear
  35   1          if(!COL2) key='0';
  36   1          if(!COL3) key='=';
  37   1          if(!COL4) key='+';
  38   1          ROW1=1;
  39   1          ROW2=0;
  40   1          if(!COL1) key='1';
  41   1          if(!COL2) key='2';
  42   1          if(!COL3) key='3';
  43   1          if(!COL4) key='-'; 
  44   1          ROW2=1;
  45   1          ROW3=0;
  46   1          if(!COL1) key='4';
  47   1          if(!COL2) key='5';
  48   1          if(!COL3) key='6';
  49   1          if(!COL4) key='*';
  50   1          ROW3=1;
  51   1          ROW4=0;
  52   1          if(!COL1) key='7';
  53   1          if(!COL2) key='8';
  54   1          if(!COL3) key='9';
C51 COMPILER V9.60.0.0   CODE                                                              05/11/2023 11:55:36 PAGE 2   

  55   1          if(!COL4) key='/';
  56   1          ROW4=1;
  57   1          return key;
  58   1      }
  59          
  60          void Display(){
  61   1        unsigned int i;
  62   1        LCD_Gotoxy(0,0);
  63   1        for(i=0;i<idx;i++){
  64   2          LCD_PutChar(s[i]);
  65   2        }
  66   1        if(s[3]=='='){
  67   2          LCD_Gotoxy(0,1);
  68   2          LCD_PutNumber(c);
  69   2        }
  70   1      }
  71          
  72          void Calculate(){
  73   1        if(s[1]=='+') c=(s[0]-'0')+(s[2]-'0');
  74   1        if(s[1]=='-') c=(s[0]-'0')-(s[2]-'0');
  75   1        if(s[1]=='*') c=(s[0]-'0')*(s[2]-'0');
  76   1        if(s[1]=='/') c=(s[0]-'0')/(s[2]-'0');
  77   1      }
  78          
  79          void Clear(){
  80   1        if(key=='C'){
  81   2          idx=0;
  82   2          s[3]=' ';
  83   2          LCD_Clear();
  84   2        }
  85   1      }
  86          
  87          void main(){
  88   1        LCD_Init();
  89   1        while(1){ 
  90   2          key = Keypad_Read();
  91   2          if(key != 0xFF){
  92   3            delay(250);
  93   3            s[idx] = key;
  94   3            idx++;
  95   3          }
  96   2          Clear();
  97   2          Calculate();
  98   2          Display();  
  99   2        }
 100   1      }


MODULE INFORMATION:   STATIC OVERLAYABLE
   CODE SIZE        =    429    ----
   CONSTANT SIZE    =   ----    ----
   XDATA SIZE       =   ----    ----
   PDATA SIZE       =   ----    ----
   DATA SIZE        =     21       2
   IDATA SIZE       =   ----    ----
   BIT SIZE         =   ----    ----
END OF MODULE INFORMATION.


C51 COMPILATION COMPLETE.  0 WARNING(S),  0 ERROR(S)
