C51 COMPILER V9.60.0.0   CODE                                                              04/21/2023 15:37:49 PAGE 1   


C51 COMPILER V9.60.0.0, COMPILATION OF MODULE CODE
OBJECT MODULE PLACED IN .\Objects\code.obj
COMPILER INVOKED BY: C:\Keil C\C51\BIN\C51.EXE code.c OPTIMIZE(8,SPEED) BROWSE INCDIR(..\code 7.2) DEBUG OBJECTEXTEND PR
                    -INT(.\Listings\code.lst) TABS(2) OBJECT(.\Objects\code.obj)

line level    source

   1          #include <REGX51.H>
   2          #include <Thu_Vien_LCD.h>
   3          char mssv[16] = "   4351170248   ";
   4          char c[16];
   5          void delay(int t){
   6   1        unsigned int j;
   7   1        for(j=0;j<t;j++){
   8   2          TMOD=0x01;
   9   2          TH0=0xFC; //delay 1ms
  10   2          TL0=0x18;
  11   2          TR0=1;
  12   2          while(!TF0);
  13   2          TF0=0;
  14   2          TR0=0;
  15   2        }
  16   1      }
  17          void hien_thi(){
  18   1        LCD_Puts(mssv);
  19   1        delay(500);
  20   1      }
  21          void dich_phai(){
  22   1        unsigned int i;
  23   1        c[0]=mssv[15];
  24   1        for(i=1;i<=15;i++){
  25   2          c[i]=mssv[i-1];
  26   2        }
  27   1        for(i=0;i<=15;i++){
  28   2          mssv[i]=c[i];
  29   2        }
  30   1      }
  31          void xuat(){
  32   1        hien_thi();
  33   1        dich_phai();
  34   1      }
  35          void main(){
  36   1        LCD_Init();
  37   1        
  38   1        while(1){
  39   2          LCD_Gotoxy(0,0);
  40   2          LCD_Puts("TRAN QUANG THAI");
  41   2          LCD_Gotoxy(0,1);
  42   2          xuat();
  43   2        }
  44   1      }


MODULE INFORMATION:   STATIC OVERLAYABLE
   CODE SIZE        =    145    ----
   CONSTANT SIZE    =     16    ----
   XDATA SIZE       =   ----    ----
   PDATA SIZE       =   ----    ----
   DATA SIZE        =     32    ----
   IDATA SIZE       =   ----    ----
   BIT SIZE         =   ----    ----
C51 COMPILER V9.60.0.0   CODE                                                              04/21/2023 15:37:49 PAGE 2   

END OF MODULE INFORMATION.


C51 COMPILATION COMPLETE.  0 WARNING(S),  0 ERROR(S)
