C51 COMPILER V9.60.0.0   THUVIENLCD                                                        04/19/2023 15:03:03 PAGE 1   


C51 COMPILER V9.60.0.0, COMPILATION OF MODULE THUVIENLCD
OBJECT MODULE PLACED IN .\Objects\thuvienLCD.obj
COMPILER INVOKED BY: C:\Keil C\C51\BIN\C51.EXE ..\code 7.1\thuvienLCD.c OPTIMIZE(8,SPEED) BROWSE INCDIR(..\code 7.2) DEB
                    -UG OBJECTEXTEND PRINT(.\Listings\thuvienLCD.lst) TABS(2) OBJECT(.\Objects\thuvienLCD.obj)

line level    source

   1          #include <REGX51.H>
   2          #include <Thu_Vien_LCD.h>
*** WARNING C318 IN LINE 2 OF ..\code 7.1\thuvienLCD.c: can't open file 'Thu_Vien_LCD.h'
   3          
   4          #define LCD_RS  P0_0
   5          #define LCD_RW  P0_1
   6          #define LCD_EN  P0_2
   7          #define LCD_D4  P0_4
   8          #define LCD_D5  P0_5
   9          #define LCD_D6  P0_6
  10          #define LCD_D7  P0_7
  11          
  12          void delay_us(unsigned int t){
  13   1              unsigned int i;
  14   1              for(i=0;i<t;i++);
  15   1      }
  16          void delay_ms(unsigned int t){
  17   1              unsigned int i,j;
  18   1              for(i=0;i<t;i++)
  19   1              for(j=0;j<125;j++);}
  20          void LCD_Enable(void){
  21   1              LCD_EN =1;
  22   1              delay_us(3);
  23   1              LCD_EN =0;
  24   1              delay_us(50); 
  25   1      }
  26          void LCD_Send4Bit(unsigned char Data){
  27   1              LCD_D4=Data & 0x01;
  28   1              LCD_D5=(Data>>1)&1;
  29   1              LCD_D6=(Data>>2)&1;
  30   1              LCD_D7=(Data>>3)&1;
  31   1      }
  32          void LCD_SendCommand(unsigned char command){
  33   1              LCD_Send4Bit(command >>4);/* Send 4 bit high */
  34   1              LCD_Enable();
  35   1              LCD_Send4Bit(command); /* Send 4 bit low*/
  36   1              LCD_Enable();
  37   1      }
  38          void LCD_Clear(){// Xoa man hinh
  39   1              LCD_SendCommand(0x01); 
  40   1              delay_us(10);
  41   1      }
  42          void LCD_Init(){
  43   1              LCD_Send4Bit(0x00);   //turn on LCD
  44   1              delay_ms(20);
  45   1              LCD_RS=0;
  46   1              LCD_RW=0;
  47   1              LCD_Send4Bit(0x03);   //function setting
  48   1              LCD_Enable();
  49   1              delay_ms(5);
  50   1              LCD_Enable();
  51   1              delay_us(100);
  52   1              LCD_Enable();
  53   1              LCD_Send4Bit(0x02);   //di chuyen con tro ve dau man hnh
C51 COMPILER V9.60.0.0   THUVIENLCD                                                        04/19/2023 15:03:03 PAGE 2   

  54   1              LCD_Enable();
  55   1              LCD_SendCommand( 0x28 ); //lua chon che do 4 bit
  56   1              LCD_SendCommand( 0x0C);  // bat hien thi va tat con tro di
  57   1              LCD_SendCommand( 0x06 );
  58   1              LCD_SendCommand(0x01);
  59   1      }
  60          void LCD_Gotoxy(unsigned char x, unsigned char y){
  61   1              unsigned char address;
  62   1              if(!y)address=(0x80+x);
  63   1              else address=(0xc0+x);
  64   1              delay_us(1000);
  65   1              LCD_SendCommand(address);
  66   1              delay_us(50);
  67   1      }
  68          void LCD_PutChar(unsigned char Data){
  69   1              LCD_RS=1;
  70   1              LCD_SendCommand(Data);
  71   1              LCD_RS=0 ;
  72   1      }
  73          void LCD_Puts(char *s){
  74   1              while (*s){
  75   2                      LCD_PutChar(*s);
  76   2                      s++;
  77   2              }
  78   1      }
  79          void LCD_PutNumber(int number)
  80          {
  81   1        if(number <= 9)
  82   1        {
  83   2          LCD_PutChar(number + 48);
  84   2        }
  85   1        else if(number > 9 && number < 100)
  86   1        {
  87   2          LCD_PutChar(number/10 + 48);
  88   2          LCD_PutChar(number%10 + 48);
  89   2        }
  90   1        else if(number > 99 && number < 1000)
  91   1        {
  92   2          LCD_PutChar(number/100 + 48);
  93   2          LCD_PutChar(number/10%10 + 48);
  94   2          LCD_PutChar(number%10 + 48);
  95   2        }
  96   1        else if(number > 999 && number < 10000)
  97   1        {
  98   2          LCD_PutChar(number/1000 + 48);
  99   2          LCD_PutChar(number/100%10 + 48);
 100   2          LCD_PutChar(number/10%10 + 48);
 101   2          LCD_PutChar(number%10 + 48);
 102   2        }
 103   1        
 104   1      }


MODULE INFORMATION:   STATIC OVERLAYABLE
   CODE SIZE        =    516    ----
   CONSTANT SIZE    =   ----    ----
   XDATA SIZE       =   ----    ----
   PDATA SIZE       =   ----    ----
   DATA SIZE        =   ----       5
   IDATA SIZE       =   ----    ----
   BIT SIZE         =   ----    ----
END OF MODULE INFORMATION.

C51 COMPILER V9.60.0.0   THUVIENLCD                                                        04/19/2023 15:03:03 PAGE 3   


C51 COMPILATION COMPLETE.  1 WARNING(S),  0 ERROR(S)
