C51 COMPILER V9.60.0.0   CODE                                                              04/05/2023 15:47:01 PAGE 1   


C51 COMPILER V9.60.0.0, COMPILATION OF MODULE CODE
OBJECT MODULE PLACED IN .\Objects\code.obj
COMPILER INVOKED BY: C:\Keil C\C51\BIN\C51.EXE code.c OPTIMIZE(8,SPEED) BROWSE DEBUG OBJECTEXTEND PRINT(.\Listings\code.
                    -lst) TABS(2) OBJECT(.\Objects\code.obj)

line level    source

   1          #include <REGX51.H>
   2          char a[]={0x00, 0x01, 0x03, 0x07, 0x0F, 0x1F, 0x3F, 0x7F, 0xFF};
   3          void delay(){
   4   1        unsigned int i;
   5   1        for(i=0;i<200;i++){
   6   2          TMOD=0x01;//timer0, mode1
   7   2          TH0=0xFC; // tao tre 1ms
   8   2          TL0=0x18;
   9   2          TR0=1;
  10   2          while(TF0==0);
  11   2            TF0=0;
  12   2            TR0=0;
  13   2        }
  14   1      }
  15          void main(){
  16   1        unsigned int i;
  17   1        for(i=0;i<=8;i++){
  18   2          P1=a[i];
  19   2          delay();
  20   2        }
  21   1      }


MODULE INFORMATION:   STATIC OVERLAYABLE
   CODE SIZE        =     58    ----
   CONSTANT SIZE    =   ----    ----
   XDATA SIZE       =   ----    ----
   PDATA SIZE       =   ----    ----
   DATA SIZE        =      9    ----
   IDATA SIZE       =   ----    ----
   BIT SIZE         =   ----    ----
END OF MODULE INFORMATION.


C51 COMPILATION COMPLETE.  0 WARNING(S),  0 ERROR(S)
