C51 COMPILER V9.60.0.0   CODE                                                              03/28/2023 20:06:36 PAGE 1   


C51 COMPILER V9.60.0.0, COMPILATION OF MODULE CODE
OBJECT MODULE PLACED IN .\Objects\code.obj
COMPILER INVOKED BY: C:\Keil_v5\C51\BIN\C51.EXE code.c OPTIMIZE(8,SPEED) BROWSE DEBUG OBJECTEXTEND PRINT(.\Listings\code
                    -.lst) TABS(2) OBJECT(.\Objects\code.obj)

line level    source

   1          #include <REGX51.H>
   2          char a1[]={0x01, 0x03, 0x07, 0x0F, 0x1F, 0x3F, 0x7F, 0xFF};
   3          char a2[]={0xFE, 0xFC, 0xF8, 0xF0, 0xE0, 0xC0, 0x80, 0x00};
   4          void delay(int t){
   5   1        while(t--);
   6   1      }
   7          void S1(){
   8   1        int i;
   9   1        for(i=0;i<=7;i++){
  10   2          P1=a1[i];
  11   2          delay(100000);
  12   2        }
  13   1      }
  14          void S2(){
  15   1        int i;
  16   1        P1=0xFF;
  17   1        delay(30000);
  18   1        for(i=0;i<=7;i++){
  19   2          P1=a2[i];
  20   2          delay(100000);
  21   2        }
  22   1      }
  23          void blink(){
  24   1        int i;
  25   1        for(i=0;i<=5;i++){
  26   2          P1=0xFF;
  27   2          delay(100000);
  28   2          P1=0x00;
  29   2          delay(100000);
  30   2        }
  31   1      }
  32          void main(){
  33   1        while(1){
  34   2          S1();
  35   2          blink();
  36   2          S2();
  37   2        }
  38   1      }


MODULE INFORMATION:   STATIC OVERLAYABLE
   CODE SIZE        =    106    ----
   CONSTANT SIZE    =   ----    ----
   XDATA SIZE       =   ----    ----
   PDATA SIZE       =   ----    ----
   DATA SIZE        =     16    ----
   IDATA SIZE       =   ----    ----
   BIT SIZE         =   ----    ----
END OF MODULE INFORMATION.


C51 COMPILATION COMPLETE.  0 WARNING(S),  0 ERROR(S)
