C51 COMPILER V9.60.0.0   CODE                                                              04/12/2023 15:53:56 PAGE 1   


C51 COMPILER V9.60.0.0, COMPILATION OF MODULE CODE
OBJECT MODULE PLACED IN .\Objects\code.obj
COMPILER INVOKED BY: C:\Keil C\C51\BIN\C51.EXE code.c OPTIMIZE(8,SPEED) BROWSE DEBUG OBJECTEXTEND PRINT(.\Listings\code.
                    -lst) TABS(2) OBJECT(.\Objects\code.obj)

line level    source

   1          #include <REGX51.H>
   2          char num[]={0x00, 0x08, 0x04, 0x0C, 0x02, 0x0A, 0x06, 0x0E, 0x01, 0x09};
   3          int i;
   4          void delay(int t){
   5   1        unsigned int j;
   6   1        for(j=0;j<t;j++){
   7   2          TMOD=0x01;
   8   2          TH0=0xFC; //delay 1ms
   9   2          TL0=0x18;
  10   2          TR0=1;
  11   2          while(!TF0);
  12   2          TF0=0;
  13   2          TR0=0;
  14   2        }
  15   1      }
  16          void S1(){
  17   1        i++;
  18   1        if(i>9){
  19   2          i=9;
  20   2        }
  21   1        P1=num[i];
  22   1        delay(50);
  23   1      }
  24          
  25          void S2(){
  26   1        i--;
  27   1        if(i<0){
  28   2          i=0;
  29   2        }
  30   1        P1=num[i];    
  31   1        delay(50);
  32   1      }
  33          
  34          void S3(){
  35   1        for(i=0;i<=9;i++){
  36   2          P1=num[i];
  37   2          delay(50);
  38   2        }
  39   1      }
  40          
  41          void S4(){
  42   1        for(i=9;i>=0;i--){
  43   2          P1=num[i];
  44   2          delay(50);
  45   2        }
  46   1      }
  47          void main(){
  48   1        i=0;
  49   1        P1=0x00;
  50   1        while(1){
  51   2          if(P3_0==0){
  52   3            S1();
  53   3          }
  54   2          if(P3_1==0){
C51 COMPILER V9.60.0.0   CODE                                                              04/12/2023 15:53:56 PAGE 2   

  55   3            S2();
  56   3          }
  57   2          if(P3_2==0){
  58   3            S3();
  59   3          }
  60   2          if(P3_3==0){
  61   3            S4();
  62   3          }
  63   2        }
  64   1      }


MODULE INFORMATION:   STATIC OVERLAYABLE
   CODE SIZE        =    213    ----
   CONSTANT SIZE    =   ----    ----
   XDATA SIZE       =   ----    ----
   PDATA SIZE       =   ----    ----
   DATA SIZE        =     12    ----
   IDATA SIZE       =   ----    ----
   BIT SIZE         =   ----    ----
END OF MODULE INFORMATION.


C51 COMPILATION COMPLETE.  0 WARNING(S),  0 ERROR(S)
