C51 COMPILER V9.60.0.0   CODE                                                              05/17/2023 15:58:41 PAGE 1   


C51 COMPILER V9.60.0.0, COMPILATION OF MODULE CODE
OBJECT MODULE PLACED IN .\Objects\code.obj
COMPILER INVOKED BY: C:\Keil C\C51\BIN\C51.EXE code.c OPTIMIZE(8,SPEED) BROWSE DEBUG OBJECTEXTEND PRINT(.\Listings\code.
                    -lst) TABS(2) OBJECT(.\Objects\code.obj)

line level    source

   1          #include <REGX51.H>
   2          #include <string.h>
   3          
   4          unsigned char mssv[10]="4351170248";
   5            
   6          void delay(int t){
   7   1        while(t--);
   8   1      }
   9          
  10          void UART_Init(){
  11   1        SM0=0;
  12   1        SM1=1;
  13   1        TMOD=0x20;
  14   1        TH1=0xFD;
  15   1        TR1=1;
  16   1        TI=1;
  17   1        REN=1;
  18   1      }
  19          
  20          void UART_SendData(){
  21   1        unsigned int i;
  22   1        for(i=0;i<=9;i++){
  23   2            if(i==8 || i==9) P0_1=0;
  24   2            else P0_1=1;
  25   2          while(!TI);
  26   2            TI=0;
  27   2            SBUF=mssv[i];
  28   2            delay(300000);
  29   2            
  30   2          }
  31   1        
  32   1      }
  33             
  34          void main(){
  35   1        UART_Init();
  36   1        while(1){
  37   2          if(P0_0==0){
  38   3            delay(100000);
  39   3            UART_SendData();
  40   3          }
  41   2      
  42   2        }
  43   1      }


MODULE INFORMATION:   STATIC OVERLAYABLE
   CODE SIZE        =     98    ----
   CONSTANT SIZE    =   ----    ----
   XDATA SIZE       =   ----    ----
   PDATA SIZE       =   ----    ----
   DATA SIZE        =     10    ----
   IDATA SIZE       =   ----    ----
   BIT SIZE         =   ----    ----
END OF MODULE INFORMATION.

C51 COMPILER V9.60.0.0   CODE                                                              05/17/2023 15:58:41 PAGE 2   


C51 COMPILATION COMPLETE.  0 WARNING(S),  0 ERROR(S)
