C51 COMPILER V9.60.0.0   CODE                                                              04/19/2023 14:40:36 PAGE 1   


C51 COMPILER V9.60.0.0, COMPILATION OF MODULE CODE
OBJECT MODULE PLACED IN .\Objects\code.obj
COMPILER INVOKED BY: C:\Keil C\C51\BIN\C51.EXE code.c OPTIMIZE(8,SPEED) BROWSE INCDIR(..\code) DEBUG OBJECTEXTEND PRINT(
                    -.\Listings\code.lst) TABS(2) OBJECT(.\Objects\code.obj)

line level    source

   1          #include <REGX51.H>
   2          #include <Thu_Vien_LCD.h>
   3          void main(){
   4   1        LCD_Init();
   5   1        LCD_Gotoxy(0,0);
   6   1        LCD_Puts("TRAN QUANG THAI");
   7   1        LCD_Gotoxy(0,1);
   8   1        LCD_Puts("4351170248");
   9   1        while(1){
  10   2        }
  11   1      }


MODULE INFORMATION:   STATIC OVERLAYABLE
   CODE SIZE        =     36    ----
   CONSTANT SIZE    =     27    ----
   XDATA SIZE       =   ----    ----
   PDATA SIZE       =   ----    ----
   DATA SIZE        =   ----    ----
   IDATA SIZE       =   ----    ----
   BIT SIZE         =   ----    ----
END OF MODULE INFORMATION.


C51 COMPILATION COMPLETE.  0 WARNING(S),  0 ERROR(S)
