C51 COMPILER V9.60.0.0   CODE_B2                                                           03/21/2023 13:41:34 PAGE 1   


C51 COMPILER V9.60.0.0, COMPILATION OF MODULE CODE_B2
OBJECT MODULE PLACED IN .\Objects\code b2.obj
COMPILER INVOKED BY: C:\Keil_v5\C51\BIN\C51.EXE code b2.c OPTIMIZE(8,SPEED) BROWSE DEBUG OBJECTEXTEND PRINT(.\Listings\c
                    -ode b2.lst) TABS(2) OBJECT(.\Objects\code b2.obj)

line level    source

   1          #include <REGX51.H>
   2          void delay(int t){
   3   1        while(t--);
   4   1      }
   5          void main(){
   6   1        P1_7=0; delay(50000); P1_7=1;
   7   1        P1_6=0; delay(50000); P1_6=1;
   8   1        P1_5=0; delay(50000); P1_5=1;
   9   1        P1_4=0; delay(50000); P1_4=1;
  10   1        P1_3=0; delay(50000); P1_3=1;
  11   1        P1_2=0; delay(50000); P1_2=1;
  12   1        P1_1=0; delay(50000); P1_1=1;
  13   1        P1_0=0; delay(50000); P1_0=1;
  14   1      }


MODULE INFORMATION:   STATIC OVERLAYABLE
   CODE SIZE        =     72    ----
   CONSTANT SIZE    =   ----    ----
   XDATA SIZE       =   ----    ----
   PDATA SIZE       =   ----    ----
   DATA SIZE        =   ----    ----
   IDATA SIZE       =   ----    ----
   BIT SIZE         =   ----    ----
END OF MODULE INFORMATION.


C51 COMPILATION COMPLETE.  0 WARNING(S),  0 ERROR(S)
