C51 COMPILER V9.60.0.0   CODE                                                              05/15/2023 14:27:29 PAGE 1   


C51 COMPILER V9.60.0.0, COMPILATION OF MODULE CODE
OBJECT MODULE PLACED IN .\Objects\code.obj
COMPILER INVOKED BY: C:\Keil C\C51\BIN\C51.EXE code.c OPTIMIZE(8,SPEED) BROWSE DEBUG OBJECTEXTEND PRINT(.\Listings\code.
                    -lst) TABS(2) OBJECT(.\Objects\code.obj)

line level    source

   1          #include <REGX51.H>
   2          #include <Thu_Vien_LCD.h>
   3          
   4          #define ADC0808_DATA      P3
   5          #define ADC0808_A         P1_0
   6          #define ADC0808_B         P1_1
   7          #define ADC0808_C         P1_2
   8          #define ADC0808_ALE       P1_3
   9          #define ADC0808_START     P1_4
  10          #define ADC0808_EOC       P1_5
  11          #define ADC0808_OE        P1_6
  12          #define ADC0808_CLK       P1_7
  13          
  14          unsigned char ADC0808_Read(unsigned char channel){
  15   1        unsigned char result;
  16   1        ADC0808_A = channel & 0x01;
  17   1        ADC0808_B = channel & 0x02;
  18   1        ADC0808_C = channel & 0x04;
  19   1        ADC0808_ALE = 1;
  20   1        ADC0808_START = 1;
  21   1        ADC0808_ALE = 0;
  22   1        ADC0808_START = 0;
  23   1        while(ADC0808_EOC);
  24   1        while(!ADC0808_EOC);
  25   1        ADC0808_OE = 1;
  26   1        result = ADC0808_DATA;
  27   1        ADC0808_OE = 0;
  28   1        return result;
  29   1      }
  30          
  31          void TempShow(unsigned char t){
  32   1      LCD_Puts("Nhiet do:");
  33   1      LCD_PutChar((t/100)+48);
  34   1      LCD_PutChar((t%100/10)+48);                    //tinh nhiet do
  35   1      LCD_PutChar((t%10)+48);
  36   1      LCD_Puts("*C");
  37   1      }
  38          
  39          void INT_Timer0()interrupt 1 {
  40   1        TH0=0xFC;
  41   1        TL0=0x18;
  42   1        ADC0808_CLK=~ADC0808_CLK;
  43   1      }
  44          
  45          void main(){
  46   1        unsigned char temp; 
  47   1        TMOD=0x01; // Timer0, mode1
  48   1        TR0=1; // Cho phép timer 0 ho?t d?ng
  49   1        EA=1; // Cho phép ng?t toàn c?c 
  50   1        ET0=1; // Cho phép ng?t timer 0
  51   1        LCD_Init();
  52   1        while(1){
  53   2          temp = ADC0808_Read(0);
  54   2          LCD_Gotoxy(0,0);
C51 COMPILER V9.60.0.0   CODE                                                              05/15/2023 14:27:29 PAGE 2   

  55   2          TempShow(temp);
  56   2        }
  57   1      }


MODULE INFORMATION:   STATIC OVERLAYABLE
   CODE SIZE        =    139    ----
   CONSTANT SIZE    =     13    ----
   XDATA SIZE       =   ----    ----
   PDATA SIZE       =   ----    ----
   DATA SIZE        =   ----       2
   IDATA SIZE       =   ----    ----
   BIT SIZE         =   ----    ----
END OF MODULE INFORMATION.


C51 COMPILATION COMPLETE.  0 WARNING(S),  0 ERROR(S)
