C51 COMPILER V9.60.0.0   CODE                                                              03/29/2023 16:31:18 PAGE 1   


C51 COMPILER V9.60.0.0, COMPILATION OF MODULE CODE
OBJECT MODULE PLACED IN .\Objects\code.obj
COMPILER INVOKED BY: C:\Keil_v5\C51\BIN\C51.EXE code.c OPTIMIZE(8,SPEED) BROWSE DEBUG OBJECTEXTEND PRINT(.\Listings\code
                    -.lst) TABS(2) OBJECT(.\Objects\code.obj)

line level    source

   1          #include <REGX51.H>
   2          char led[]={0x01, 0x03, 0x07, 0xF, 0x1F, 0x3F, 0x7F, 0XFF};
   3          char a1[]={0x00, 0x01, 0x03, 0x07, 0x0F, 0x1F, 0x3F, 0x7F, 0xFF};
   4          char a2[]={0x00, 0x80, 0xC0, 0xE0, 0xF0, 0xF8, 0xFC, 0xFE, 0xFF};
   5          unsigned char aa=1;  
   6          unsigned char bb=0;  
   7          char cc=0;
   8          void delay(int t){
   9   1        while(t--);
  10   1      }
  11          
  12          void C(){
  13   1        int i;
  14   1        for(i=0;i<=8;i++){
  15   2          P1=a1[i];
  16   2          delay(100000);
  17   2        }
  18   1      }
  19          void L(){
  20   1        int i;
  21   1        for(i=0;i<=8;i++){
  22   2          P1=a2[i];
  23   2          delay(100000);
  24   2        }
  25   1      }
  26          void N(){
  27   1        P1=0xFF;
  28   1        delay(100000);
  29   1        P1=0x00;
  30   1        delay(50000);
  31   1      }
  32          void M(){
  33   1        if(cc<0){
  34   2          cc=cc*(-1);
  35   2        }
  36   1      }
  37          void main(){
  38   1        P1=0x00;
  39   1        cc=(aa+bb-aa*bb);
  40   1        M();
  41   1        if(cc%2==0 && cc!=0){
  42   2          C();
  43   2        }
  44   1        if(cc%2==1){
  45   2          L();
  46   2        }
  47   1        if(cc==0){
  48   2          N();
  49   2        }
  50   1      }


MODULE INFORMATION:   STATIC OVERLAYABLE
   CODE SIZE        =    187    ----
C51 COMPILER V9.60.0.0   CODE                                                              03/29/2023 16:31:18 PAGE 2   

   CONSTANT SIZE    =   ----    ----
   XDATA SIZE       =   ----    ----
   PDATA SIZE       =   ----    ----
   DATA SIZE        =     29    ----
   IDATA SIZE       =   ----    ----
   BIT SIZE         =   ----    ----
END OF MODULE INFORMATION.


C51 COMPILATION COMPLETE.  0 WARNING(S),  0 ERROR(S)
