C51 COMPILER V9.60.0.0   CODE                                                              03/22/2023 13:22:14 PAGE 1   


C51 COMPILER V9.60.0.0, COMPILATION OF MODULE CODE
OBJECT MODULE PLACED IN .\Objects\code.obj
COMPILER INVOKED BY: C:\Keil_v5\C51\BIN\C51.EXE code.c OPTIMIZE(8,SPEED) BROWSE DEBUG OBJECTEXTEND PRINT(.\Listings\code
                    -.lst) TABS(2) OBJECT(.\Objects\code.obj)

line level    source

   1          #include <REGX51.H>
   2          void bamot();
   3          void delay (int t){
   4   1        while (t--);
   5   1      }
   6          void main(){
   7   1        while (1){
   8   2          bamot ();
   9   2        }
  10   1      }
  11          void bamot (){
  12   1        unsigned char led=0x01,i=0; 
  13   1        P1=0x00; 
  14   1        for(i=0;i<8;i++){
  15   2          P1=led; 
  16   2          delay(100000); 
  17   2          led=led<<1;
  18   2        }
  19   1      }


MODULE INFORMATION:   STATIC OVERLAYABLE
   CODE SIZE        =     49    ----
   CONSTANT SIZE    =   ----    ----
   XDATA SIZE       =   ----    ----
   PDATA SIZE       =   ----    ----
   DATA SIZE        =   ----    ----
   IDATA SIZE       =   ----    ----
   BIT SIZE         =   ----    ----
END OF MODULE INFORMATION.


C51 COMPILATION COMPLETE.  0 WARNING(S),  0 ERROR(S)
