C51 COMPILER V9.60.0.0   CODE                                                              04/12/2023 15:14:33 PAGE 1   


C51 COMPILER V9.60.0.0, COMPILATION OF MODULE CODE
OBJECT MODULE PLACED IN .\Objects\code.obj
COMPILER INVOKED BY: C:\Keil C\C51\BIN\C51.EXE code.c OPTIMIZE(8,SPEED) BROWSE DEBUG OBJECTEXTEND PRINT(.\Listings\code.
                    -lst) TABS(2) OBJECT(.\Objects\code.obj)

line level    source

   1          #include <REGX51.H>
   2          /*
   3          abc = 248 Hz -> T = 0,0040322580645161 s ~ 4 ms -> delay 2 ms
   4          -> x = 0 -> su dung ngat timer 0 
   5          */
   6          void ngat() interrupt 1{
   7   1        TH0=0xF8; // tao tre 2ms
   8   1        TL0=0x30;
   9   1        P2_0=~P2_0;
  10   1      }
  11          void main(){
  12   1        TMOD=0x01;//timer0, mode1
  13   1        TH0=0xF8; // tao tre 2ms
  14   1        TL0=0x30;
  15   1        TR0=1; // cho phep timer 0 hoat dong
  16   1        EA=1; // cho phep ngat toan cuc 
  17   1        ET0=1; // cho phep ngat timer 0
  18   1        while(1){
  19   2        }
  20   1      }


MODULE INFORMATION:   STATIC OVERLAYABLE
   CODE SIZE        =     26    ----
   CONSTANT SIZE    =   ----    ----
   XDATA SIZE       =   ----    ----
   PDATA SIZE       =   ----    ----
   DATA SIZE        =   ----    ----
   IDATA SIZE       =   ----    ----
   BIT SIZE         =   ----    ----
END OF MODULE INFORMATION.


C51 COMPILATION COMPLETE.  0 WARNING(S),  0 ERROR(S)
