C51 COMPILER V9.60.0.0   CODE                                                              04/21/2023 15:34:28 PAGE 1   


C51 COMPILER V9.60.0.0, COMPILATION OF MODULE CODE
OBJECT MODULE PLACED IN .\Objects\code.obj
COMPILER INVOKED BY: C:\Keil C\C51\BIN\C51.EXE code.c OPTIMIZE(8,SPEED) BROWSE DEBUG OBJECTEXTEND PRINT(.\Listings\code.
                    -lst) TABS(2) OBJECT(.\Objects\code.obj)

line level    source

   1          #include <REGX51.H>
   2          unsigned char s8[]={0xFF,0x89,0x76,0x76,0x76,0x76,0x89,0xFF};
   3          void delay(int t){
   4   1        unsigned int j;
   5   1        for(j=0;j<t;j++){
   6   2          TMOD=0x01;
   7   2          TH0=0xFC; //delay 1ms
   8   2          TL0=0x18;
   9   2          TR0=1;
  10   2          while(!TF0);
  11   2          TF0=0;
  12   2          TR0=0;
  13   2        }
  14   1      }
  15          void D(){
  16   1        unsigned int i;
  17   1        for(i=0;i<=7;i++){
  18   2          P2=0x80>>i;
  19   2          P3=s8[i];
  20   2          delay(1);
  21   2        }
  22   1      }
  23          void main(){
  24   1        while(1){
  25   2          //D();
  26   2          P3=0x00;
  27   2          P2=0xFF;
  28   2        }
  29   1        
  30   1      }


MODULE INFORMATION:   STATIC OVERLAYABLE
   CODE SIZE        =     88    ----
   CONSTANT SIZE    =   ----    ----
   XDATA SIZE       =   ----    ----
   PDATA SIZE       =   ----    ----
   DATA SIZE        =      8    ----
   IDATA SIZE       =   ----    ----
   BIT SIZE         =   ----    ----
END OF MODULE INFORMATION.


C51 COMPILATION COMPLETE.  0 WARNING(S),  0 ERROR(S)
