C51 COMPILER V9.60.0.0   CODE                                                              04/10/2023 09:41:16 PAGE 1   


C51 COMPILER V9.60.0.0, COMPILATION OF MODULE CODE
OBJECT MODULE PLACED IN .\Objects\code.obj
COMPILER INVOKED BY: C:\Keil C\C51\BIN\C51.EXE code.c OPTIMIZE(8,SPEED) BROWSE DEBUG OBJECTEXTEND PRINT(.\Listings\code.
                    -lst) TABS(2) OBJECT(.\Objects\code.obj)

line level    source

   1          #include <REGX51.H>
   2          char num[]={0x00, 0x08, 0x04, 0x0C, 0x02, 0x0A, 0x06, 0x0E, 0x01, 0x09};
   3          void delay(int t){
   4   1        unsigned int i;
   5   1        for(i=0;i<t;i++){
   6   2          TMOD=0x01;
   7   2          TH0=0xFC; //delay 1ms
   8   2          TL0=0x18;
   9   2          TR0=1;
  10   2          while(!TF0);
  11   2          TF0=0;
  12   2          TR0=0;
  13   2        }
  14   1      }
  15          void D(){
  16   1        int i;
  17   1        for(i=0;i<=9;i++){
  18   2          P1=num[i];
  19   2          delay(500);
  20   2        }
  21   1      }
  22          void main(){
  23   1        D();
  24   1      }


MODULE INFORMATION:   STATIC OVERLAYABLE
   CODE SIZE        =     68    ----
   CONSTANT SIZE    =   ----    ----
   XDATA SIZE       =   ----    ----
   PDATA SIZE       =   ----    ----
   DATA SIZE        =     10    ----
   IDATA SIZE       =   ----    ----
   BIT SIZE         =   ----    ----
END OF MODULE INFORMATION.


C51 COMPILATION COMPLETE.  0 WARNING(S),  0 ERROR(S)
